<?xml version="1.0" encoding="UTF-8"?>
<testng-results skipped="0" failed="0" ignored="0" total="1" passed="1">
  <reporter-output>
  </reporter-output>
  <suite name="Default suite" duration-ms="14228" started-at="2019-10-12T10:05:32Z" finished-at="2019-10-12T10:05:47Z">
    <groups>
    </groups>
    <test name="Default test" duration-ms="14228" started-at="2019-10-12T10:05:32Z" finished-at="2019-10-12T10:05:47Z">
      <class name="sample.AutomateBlueLagoon">
        <test-method status="PASS" signature="firstRun()[pri:0, instance:sample.AutomateBlueLagoon@4dfa3a9d]" name="firstRun" duration-ms="14191" started-at="2019-10-12T10:05:32Z" finished-at="2019-10-12T10:05:47Z">
          <reporter-output>
          </reporter-output>
        </test-method> <!-- firstRun -->
      </class> <!-- sample.AutomateBlueLagoon -->
    </test> <!-- Default test -->
  </suite> <!-- Default suite -->
</testng-results>
